2020-09-10 20:56:34.010  INFO 1896 --- [main] am.basic.notificator.CrmApplication  : Starting CrmApplication on RubenMan-LAPT with PID 1896 (C:\Users\ruben.manukyan\IdeaProjects\basic\crm\target\classes started by ruben.manukyan in C:\Users\ruben.manukyan\IdeaProjects\basic\crm)
2020-09-10 20:56:34.013  INFO 1896 --- [main] am.basic.notificator.CrmApplication  : No active profile set, falling back to default profiles: default
2020-09-10 20:56:36.129  INFO 1896 --- [main] .s.d.r.c.RepositoryConfigurationDelegate : Bootstrapping Spring Data JPA repositories in DEFERRED mode.
2020-09-10 20:56:36.486  INFO 1896 --- [main] .s.d.r.c.RepositoryConfigurationDelegate : Finished Spring Data repository scanning in 338ms. Found 2 JPA repository interfaces.
2020-09-10 20:56:37.411  INFO 1896 --- [main] trationDelegate$BeanPostProcessorChecker : Bean 'org.springframework.security.access.expression.method.DefaultMethodSecurityExpressionHandler@367795c7' of type [org.springframework.security.access.expression.method.DefaultMethodSecurityExpressionHandler] is not eligible for getting processed by all BeanPostProcessors (for example: not eligible for auto-proxying)
2020-09-10 20:56:37.423  INFO 1896 --- [main] trationDelegate$BeanPostProcessorChecker : Bean 'methodSecurityMetadataSource' of type [org.springframework.security.access.method.DelegatingMethodSecurityMetadataSource] is not eligible for getting processed by all BeanPostProcessors (for example: not eligible for auto-proxying)
2020-09-10 20:56:38.347  INFO 1896 --- [main] o.s.b.w.embedded.tomcat.TomcatWebServer  : Tomcat initialized with port(s): 8843 (http)
2020-09-10 20:56:38.390  INFO 1896 --- [main] o.apache.catalina.core.StandardService   : Starting service [Tomcat]
2020-09-10 20:56:38.391  INFO 1896 --- [main] org.apache.catalina.core.StandardEngine  : Starting Servlet engine: [Apache Tomcat/9.0.37]
2020-09-10 20:56:38.584  INFO 1896 --- [main] o.a.c.c.C.[Tomcat].[localhost].[/]       : Initializing Spring embedded WebApplicationContext
2020-09-10 20:56:38.585  INFO 1896 --- [main] w.s.c.ServletWebServerApplicationContext : Root WebApplicationContext: initialization completed in 4514 ms
2020-09-10 20:56:38.799  INFO 1896 --- [main] o.s.s.concurrent.ThreadPoolTaskExecutor  : Initializing ExecutorService 'applicationTaskExecutor'
2020-09-10 20:56:38.867  INFO 1896 --- [task-1] o.hibernate.jpa.internal.util.LogHelper  : HHH000204: Processing PersistenceUnitInfo [name: default]
2020-09-10 20:56:38.907  WARN 1896 --- [main] JpaBaseConfiguration$JpaWebConfiguration : spring.jpa.open-in-view is enabled by default. Therefore, database queries may be performed during view rendering. Explicitly configure spring.jpa.open-in-view to disable this warning
2020-09-10 20:56:38.938  INFO 1896 --- [task-1] org.hibernate.Version                    : HHH000412: Hibernate ORM core version 5.4.20.Final
2020-09-10 20:56:39.163  INFO 1896 --- [task-1] o.hibernate.annotations.common.Version   : HCANN000001: Hibernate Commons Annotations {5.1.0.Final}
2020-09-10 20:56:39.459  INFO 1896 --- [task-1] com.zaxxer.hikari.HikariDataSource       : HikariPool-1 - Starting...
2020-09-10 20:56:39.554  INFO 1896 --- [main] o.s.s.web.DefaultSecurityFilterChain     : Creating filter chain: Ant [pattern='/api/**'], [org.springframework.security.web.context.request.async.WebAsyncManagerIntegrationFilter@62db3891, org.springframework.security.web.context.SecurityContextPersistenceFilter@124ac145, org.springframework.security.web.header.HeaderWriterFilter@49c675f0, org.springframework.security.web.authentication.logout.LogoutFilter@5ec4ff02, org.springframework.security.oauth2.provider.authentication.OAuth2AuthenticationProcessingFilter@fcc6023, org.springframework.security.web.savedrequest.RequestCacheAwareFilter@24e83d19, org.springframework.security.web.servletapi.SecurityContextHolderAwareRequestFilter@35267fd4, org.springframework.security.web.authentication.AnonymousAuthenticationFilter@61cd1c71, org.springframework.security.web.session.SessionManagementFilter@7b6e5c12, org.springframework.security.web.access.ExceptionTranslationFilter@79fd6f95, org.springframework.security.web.access.intercept.FilterSecurityInterceptor@53ec2968]
2020-09-10 20:56:39.570  INFO 1896 --- [main] o.s.s.web.DefaultSecurityFilterChain     : Creating filter chain: Ant [pattern='/interconnect/**'], [org.springframework.security.web.context.request.async.WebAsyncManagerIntegrationFilter@146dcfe6, org.springframework.security.web.context.SecurityContextPersistenceFilter@5ef6fd7f, org.springframework.security.web.header.HeaderWriterFilter@8851ce1, org.springframework.security.web.authentication.logout.LogoutFilter@6eb17ec8, org.springframework.security.web.authentication.www.BasicAuthenticationFilter@2f37f1f9, org.springframework.security.web.savedrequest.RequestCacheAwareFilter@5633ed82, org.springframework.security.web.servletapi.SecurityContextHolderAwareRequestFilter@767191b1, org.springframework.security.web.authentication.AnonymousAuthenticationFilter@22587507, org.springframework.security.web.session.SessionManagementFilter@2d9dff65, org.springframework.security.web.access.ExceptionTranslationFilter@5b3a7ef5, org.springframework.security.web.access.intercept.FilterSecurityInterceptor@48d293ee]
2020-09-10 20:56:39.665  INFO 1896 --- [task-1] com.zaxxer.hikari.HikariDataSource       : HikariPool-1 - Start completed.
2020-09-10 20:56:39.690  INFO 1896 --- [task-1] org.hibernate.dialect.Dialect            : HHH000400: Using dialect: org.hibernate.dialect.MySQL57Dialect
2020-09-10 20:56:40.253  INFO 1896 --- [main] o.s.b.w.embedded.tomcat.TomcatWebServer  : Tomcat started on port(s): 8843 (http) with context path ''
2020-09-10 20:56:40.257  INFO 1896 --- [main] DeferredRepositoryInitializationListener : Triggering deferred initialization of Spring Data repositories…
2020-09-10 20:56:41.082  INFO 1896 --- [task-1] o.h.e.t.j.p.i.JtaPlatformInitiator       : HHH000490: Using JtaPlatform implementation: [org.hibernate.engine.transaction.jta.platform.internal.NoJtaPlatform]
2020-09-10 20:56:41.091  INFO 1896 --- [task-1] j.LocalContainerEntityManagerFactoryBean : Initialized JPA EntityManagerFactory for persistence unit 'default'
2020-09-10 20:56:41.510  INFO 1896 --- [main] DeferredRepositoryInitializationListener : Spring Data repositories initialized!
2020-09-10 20:56:41.521  INFO 1896 --- [main] am.basic.notificator.CrmApplication  : Started CrmApplication in 8.022 seconds (JVM running for 9.35)
2020-09-10 20:57:18.066  INFO 25800 --- [main] am.basic.notificator.CrmApplication  : Starting CrmApplication on RubenMan-LAPT with PID 25800 (C:\Users\ruben.manukyan\IdeaProjects\basic\crm\target\classes started by ruben.manukyan in C:\Users\ruben.manukyan\IdeaProjects\basic\crm)
2020-09-10 20:57:18.070  INFO 25800 --- [main] am.basic.notificator.CrmApplication  : No active profile set, falling back to default profiles: default
2020-09-10 20:57:19.306  INFO 25800 --- [main] .s.d.r.c.RepositoryConfigurationDelegate : Bootstrapping Spring Data JPA repositories in DEFERRED mode.
2020-09-10 20:57:19.735  INFO 25800 --- [main] .s.d.r.c.RepositoryConfigurationDelegate : Finished Spring Data repository scanning in 411ms. Found 2 JPA repository interfaces.
2020-09-10 20:57:21.702  INFO 25800 --- [main] trationDelegate$BeanPostProcessorChecker : Bean 'org.springframework.security.access.expression.method.DefaultMethodSecurityExpressionHandler@29d334c' of type [org.springframework.security.access.expression.method.DefaultMethodSecurityExpressionHandler] is not eligible for getting processed by all BeanPostProcessors (for example: not eligible for auto-proxying)
2020-09-10 20:57:21.744  INFO 25800 --- [main] trationDelegate$BeanPostProcessorChecker : Bean 'methodSecurityMetadataSource' of type [org.springframework.security.access.method.DelegatingMethodSecurityMetadataSource] is not eligible for getting processed by all BeanPostProcessors (for example: not eligible for auto-proxying)
2020-09-10 20:57:22.164  INFO 25800 --- [main] o.s.b.w.embedded.tomcat.TomcatWebServer  : Tomcat initialized with port(s): 8843 (http)
2020-09-10 20:57:22.178  INFO 25800 --- [main] o.apache.catalina.core.StandardService   : Starting service [Tomcat]
2020-09-10 20:57:22.179  INFO 25800 --- [main] org.apache.catalina.core.StandardEngine  : Starting Servlet engine: [Apache Tomcat/9.0.37]
2020-09-10 20:57:22.352  INFO 25800 --- [main] o.a.c.c.C.[Tomcat].[localhost].[/]       : Initializing Spring embedded WebApplicationContext
2020-09-10 20:57:22.352  INFO 25800 --- [main] w.s.c.ServletWebServerApplicationContext : Root WebApplicationContext: initialization completed in 4230 ms
2020-09-10 20:57:22.722  INFO 25800 --- [main] o.s.s.concurrent.ThreadPoolTaskExecutor  : Initializing ExecutorService 'applicationTaskExecutor'
2020-09-10 20:57:22.786  INFO 25800 --- [task-1] o.hibernate.jpa.internal.util.LogHelper  : HHH000204: Processing PersistenceUnitInfo [name: default]
2020-09-10 20:57:22.830  WARN 25800 --- [main] JpaBaseConfiguration$JpaWebConfiguration : spring.jpa.open-in-view is enabled by default. Therefore, database queries may be performed during view rendering. Explicitly configure spring.jpa.open-in-view to disable this warning
2020-09-10 20:57:22.897  INFO 25800 --- [task-1] org.hibernate.Version                    : HHH000412: Hibernate ORM core version 5.4.20.Final
2020-09-10 20:57:23.174  INFO 25800 --- [task-1] o.hibernate.annotations.common.Version   : HCANN000001: Hibernate Commons Annotations {5.1.0.Final}
2020-09-10 20:57:23.479  INFO 25800 --- [task-1] com.zaxxer.hikari.HikariDataSource       : HikariPool-1 - Starting...
2020-09-10 20:57:23.595  INFO 25800 --- [main] o.s.s.web.DefaultSecurityFilterChain     : Creating filter chain: Ant [pattern='/api/**'], [org.springframework.security.web.context.request.async.WebAsyncManagerIntegrationFilter@554f0dfb, org.springframework.security.web.context.SecurityContextPersistenceFilter@9b21bd3, org.springframework.security.web.header.HeaderWriterFilter@24e83d19, org.springframework.security.web.authentication.logout.LogoutFilter@36417a54, org.springframework.security.oauth2.provider.authentication.OAuth2AuthenticationProcessingFilter@290d10ef, org.springframework.security.web.savedrequest.RequestCacheAwareFilter@1f0b3cfe, org.springframework.security.web.servletapi.SecurityContextHolderAwareRequestFilter@2b2f5fcf, org.springframework.security.web.authentication.AnonymousAuthenticationFilter@1f7076bc, org.springframework.security.web.session.SessionManagementFilter@44e93c1f, org.springframework.security.web.access.ExceptionTranslationFilter@124ac145, org.springframework.security.web.access.intercept.FilterSecurityInterceptor@2a3194c6]
2020-09-10 20:57:23.610  INFO 25800 --- [main] o.s.s.web.DefaultSecurityFilterChain     : Creating filter chain: Ant [pattern='/interconnect/**'], [org.springframework.security.web.context.request.async.WebAsyncManagerIntegrationFilter@23b8d9f3, org.springframework.security.web.context.SecurityContextPersistenceFilter@5e1d03d7, org.springframework.security.web.header.HeaderWriterFilter@587a1cfb, org.springframework.security.web.authentication.logout.LogoutFilter@660f0c, org.springframework.security.web.authentication.www.BasicAuthenticationFilter@76563d26, org.springframework.security.web.savedrequest.RequestCacheAwareFilter@4047d2d9, org.springframework.security.web.servletapi.SecurityContextHolderAwareRequestFilter@48d293ee, org.springframework.security.web.authentication.AnonymousAuthenticationFilter@7f353d99, org.springframework.security.web.session.SessionManagementFilter@48528634, org.springframework.security.web.access.ExceptionTranslationFilter@2af69643, org.springframework.security.web.access.intercept.FilterSecurityInterceptor@22a736d7]
2020-09-10 20:57:23.658  INFO 25800 --- [task-1] com.zaxxer.hikari.HikariDataSource       : HikariPool-1 - Start completed.
2020-09-10 20:57:23.677  INFO 25800 --- [task-1] org.hibernate.dialect.Dialect            : HHH000400: Using dialect: org.hibernate.dialect.MySQL57Dialect
2020-09-10 20:57:24.249  INFO 25800 --- [main] o.s.b.w.embedded.tomcat.TomcatWebServer  : Tomcat started on port(s): 8843 (http) with context path ''
2020-09-10 20:57:24.251  INFO 25800 --- [main] DeferredRepositoryInitializationListener : Triggering deferred initialization of Spring Data repositories…
2020-09-10 20:57:24.718  INFO 25800 --- [task-1] o.h.e.t.j.p.i.JtaPlatformInitiator       : HHH000490: Using JtaPlatform implementation: [org.hibernate.engine.transaction.jta.platform.internal.NoJtaPlatform]
2020-09-10 20:57:24.729  INFO 25800 --- [task-1] j.LocalContainerEntityManagerFactoryBean : Initialized JPA EntityManagerFactory for persistence unit 'default'
2020-09-10 20:57:25.041  INFO 25800 --- [main] DeferredRepositoryInitializationListener : Spring Data repositories initialized!
2020-09-10 20:57:25.052  INFO 25800 --- [main] am.basic.notificator.CrmApplication  : Started CrmApplication in 7.509 seconds (JVM running for 8.593)
2020-09-10 21:04:16.051  INFO 25800 --- [http-nio-8843-exec-1] o.a.c.c.C.[Tomcat].[localhost].[/]       : Initializing Spring DispatcherServlet 'dispatcherServlet'
2020-09-10 21:04:16.051  INFO 25800 --- [http-nio-8843-exec-1] o.s.web.servlet.DispatcherServlet        : Initializing Servlet 'dispatcherServlet'
2020-09-10 21:04:16.059  INFO 25800 --- [http-nio-8843-exec-1] o.s.web.servlet.DispatcherServlet        : Completed initialization in 8 ms
2020-09-10 21:04:16.110  INFO 25800 --- [http-nio-8843-exec-1] a.b.n.crm.service.impl.CrmServiceImpl    : received request for user with username : rubenmanukyan1993@gmail.com
2020-09-10 21:04:16.293 ERROR 25800 --- [http-nio-8843-exec-1] o.a.c.c.C.[.[.[/].[dispatcherServlet]    : Servlet.service() for servlet [dispatcherServlet] in context with path [] threw exception [Hessian skeleton invocation failed; nested exception is java.lang.IllegalStateException: Serialized class am.basic.notificator.model.User must implement java.io.Serializable] with root cause

java.lang.IllegalStateException: Serialized class am.basic.notificator.model.User must implement java.io.Serializable
	at com.caucho.hessian.io.SerializerFactory.getDefaultSerializer(SerializerFactory.java:353) ~[hessian-4.0.38.jar:na]
	at com.caucho.hessian.io.SerializerFactory.loadSerializer(SerializerFactory.java:334) ~[hessian-4.0.38.jar:na]
	at com.caucho.hessian.io.SerializerFactory.getSerializer(SerializerFactory.java:234) ~[hessian-4.0.38.jar:na]
	at com.caucho.hessian.io.SerializerFactory.getObjectSerializer(SerializerFactory.java:206) ~[hessian-4.0.38.jar:na]
	at com.caucho.hessian.io.Hessian2Output.writeObject(Hessian2Output.java:462) ~[hessian-4.0.38.jar:na]
	at com.caucho.hessian.io.AbstractHessianOutput.writeReply(AbstractHessianOutput.java:563) ~[hessian-4.0.38.jar:na]
	at com.caucho.hessian.server.HessianSkeleton.invoke(HessianSkeleton.java:321) ~[hessian-4.0.38.jar:na]
	at com.caucho.hessian.server.HessianSkeleton.invoke(HessianSkeleton.java:217) ~[hessian-4.0.38.jar:na]
	at org.springframework.remoting.caucho.HessianExporter.doInvoke(HessianExporter.java:228) ~[spring-web-5.2.8.RELEASE.jar:5.2.8.RELEASE]
	at org.springframework.remoting.caucho.HessianExporter.invoke(HessianExporter.java:144) ~[spring-web-5.2.8.RELEASE.jar:5.2.8.RELEASE]
	at org.springframework.remoting.caucho.HessianServiceExporter.handleRequest(HessianServiceExporter.java:64) ~[spring-web-5.2.8.RELEASE.jar:5.2.8.RELEASE]
	at org.springframework.web.servlet.mvc.HttpRequestHandlerAdapter.handle(HttpRequestHandlerAdapter.java:53) ~[spring-webmvc-5.2.8.RELEASE.jar:5.2.8.RELEASE]
	at org.springframework.web.servlet.DispatcherServlet.doDispatch(DispatcherServlet.java:1040) ~[spring-webmvc-5.2.8.RELEASE.jar:5.2.8.RELEASE]
	at org.springframework.web.servlet.DispatcherServlet.doService(DispatcherServlet.java:943) ~[spring-webmvc-5.2.8.RELEASE.jar:5.2.8.RELEASE]
	at org.springframework.web.servlet.FrameworkServlet.processRequest(FrameworkServlet.java:1006) ~[spring-webmvc-5.2.8.RELEASE.jar:5.2.8.RELEASE]
	at org.springframework.web.servlet.FrameworkServlet.doPost(FrameworkServlet.java:909) ~[spring-webmvc-5.2.8.RELEASE.jar:5.2.8.RELEASE]
	at javax.servlet.http.HttpServlet.service(HttpServlet.java:652) ~[tomcat-embed-core-9.0.37.jar:4.0.FR]
	at org.springframework.web.servlet.FrameworkServlet.service(FrameworkServlet.java:883) ~[spring-webmvc-5.2.8.RELEASE.jar:5.2.8.RELEASE]
	at javax.servlet.http.HttpServlet.service(HttpServlet.java:733) ~[tomcat-embed-core-9.0.37.jar:4.0.FR]
	at org.apache.catalina.core.ApplicationFilterChain.internalDoFilter(ApplicationFilterChain.java:231) ~[tomcat-embed-core-9.0.37.jar:9.0.37]
	at org.apache.catalina.core.ApplicationFilterChain.doFilter(ApplicationFilterChain.java:166) ~[tomcat-embed-core-9.0.37.jar:9.0.37]
	at org.apache.tomcat.websocket.server.WsFilter.doFilter(WsFilter.java:53) ~[tomcat-embed-websocket-9.0.37.jar:9.0.37]
	at org.apache.catalina.core.ApplicationFilterChain.internalDoFilter(ApplicationFilterChain.java:193) ~[tomcat-embed-core-9.0.37.jar:9.0.37]
	at org.apache.catalina.core.ApplicationFilterChain.doFilter(ApplicationFilterChain.java:166) ~[tomcat-embed-core-9.0.37.jar:9.0.37]
	at org.springframework.security.web.FilterChainProxy$VirtualFilterChain.doFilter(FilterChainProxy.java:320) ~[spring-security-web-5.3.4.RELEASE.jar:5.3.4.RELEASE]
	at org.springframework.security.web.access.intercept.FilterSecurityInterceptor.invoke(FilterSecurityInterceptor.java:126) ~[spring-security-web-5.3.4.RELEASE.jar:5.3.4.RELEASE]
	at org.springframework.security.web.access.intercept.FilterSecurityInterceptor.doFilter(FilterSecurityInterceptor.java:90) ~[spring-security-web-5.3.4.RELEASE.jar:5.3.4.RELEASE]
	at org.springframework.security.web.FilterChainProxy$VirtualFilterChain.doFilter(FilterChainProxy.java:334) ~[spring-security-web-5.3.4.RELEASE.jar:5.3.4.RELEASE]
	at org.springframework.security.web.access.ExceptionTranslationFilter.doFilter(ExceptionTranslationFilter.java:118) ~[spring-security-web-5.3.4.RELEASE.jar:5.3.4.RELEASE]
	at org.springframework.security.web.FilterChainProxy$VirtualFilterChain.doFilter(FilterChainProxy.java:334) ~[spring-security-web-5.3.4.RELEASE.jar:5.3.4.RELEASE]
	at org.springframework.security.web.session.SessionManagementFilter.doFilter(SessionManagementFilter.java:137) ~[spring-security-web-5.3.4.RELEASE.jar:5.3.4.RELEASE]
	at org.springframework.security.web.FilterChainProxy$VirtualFilterChain.doFilter(FilterChainProxy.java:334) ~[spring-security-web-5.3.4.RELEASE.jar:5.3.4.RELEASE]
	at org.springframework.security.web.authentication.AnonymousAuthenticationFilter.doFilter(AnonymousAuthenticationFilter.java:111) ~[spring-security-web-5.3.4.RELEASE.jar:5.3.4.RELEASE]
	at org.springframework.security.web.FilterChainProxy$VirtualFilterChain.doFilter(FilterChainProxy.java:334) ~[spring-security-web-5.3.4.RELEASE.jar:5.3.4.RELEASE]
	at org.springframework.security.web.servletapi.SecurityContextHolderAwareRequestFilter.doFilter(SecurityContextHolderAwareRequestFilter.java:158) ~[spring-security-web-5.3.4.RELEASE.jar:5.3.4.RELEASE]
	at org.springframework.security.web.FilterChainProxy$VirtualFilterChain.doFilter(FilterChainProxy.java:334) ~[spring-security-web-5.3.4.RELEASE.jar:5.3.4.RELEASE]
	at org.springframework.security.web.savedrequest.RequestCacheAwareFilter.doFilter(RequestCacheAwareFilter.java:63) ~[spring-security-web-5.3.4.RELEASE.jar:5.3.4.RELEASE]
	at org.springframework.security.web.FilterChainProxy$VirtualFilterChain.doFilter(FilterChainProxy.java:334) ~[spring-security-web-5.3.4.RELEASE.jar:5.3.4.RELEASE]
	at org.springframework.security.web.authentication.www.BasicAuthenticationFilter.doFilterInternal(BasicAuthenticationFilter.java:204) ~[spring-security-web-5.3.4.RELEASE.jar:5.3.4.RELEASE]
	at org.springframework.web.filter.OncePerRequestFilter.doFilter(OncePerRequestFilter.java:119) ~[spring-web-5.2.8.RELEASE.jar:5.2.8.RELEASE]
	at org.springframework.security.web.FilterChainProxy$VirtualFilterChain.doFilter(FilterChainProxy.java:334) ~[spring-security-web-5.3.4.RELEASE.jar:5.3.4.RELEASE]
	at org.springframework.security.web.authentication.logout.LogoutFilter.doFilter(LogoutFilter.java:116) ~[spring-security-web-5.3.4.RELEASE.jar:5.3.4.RELEASE]
	at org.springframework.security.web.FilterChainProxy$VirtualFilterChain.doFilter(FilterChainProxy.java:334) ~[spring-security-web-5.3.4.RELEASE.jar:5.3.4.RELEASE]
	at org.springframework.security.web.header.HeaderWriterFilter.doHeadersAfter(HeaderWriterFilter.java:92) ~[spring-security-web-5.3.4.RELEASE.jar:5.3.4.RELEASE]
	at org.springframework.security.web.header.HeaderWriterFilter.doFilterInternal(HeaderWriterFilter.java:77) ~[spring-security-web-5.3.4.RELEASE.jar:5.3.4.RELEASE]
	at org.springframework.web.filter.OncePerRequestFilter.doFilter(OncePerRequestFilter.java:119) ~[spring-web-5.2.8.RELEASE.jar:5.2.8.RELEASE]
	at org.springframework.security.web.FilterChainProxy$VirtualFilterChain.doFilter(FilterChainProxy.java:334) ~[spring-security-web-5.3.4.RELEASE.jar:5.3.4.RELEASE]
	at org.springframework.security.web.context.SecurityContextPersistenceFilter.doFilter(SecurityContextPersistenceFilter.java:105) ~[spring-security-web-5.3.4.RELEASE.jar:5.3.4.RELEASE]
	at org.springframework.security.web.FilterChainProxy$VirtualFilterChain.doFilter(FilterChainProxy.java:334) ~[spring-security-web-5.3.4.RELEASE.jar:5.3.4.RELEASE]
	at org.springframework.security.web.context.request.async.WebAsyncManagerIntegrationFilter.doFilterInternal(WebAsyncManagerIntegrationFilter.java:56) ~[spring-security-web-5.3.4.RELEASE.jar:5.3.4.RELEASE]
	at org.springframework.web.filter.OncePerRequestFilter.doFilter(OncePerRequestFilter.java:119) ~[spring-web-5.2.8.RELEASE.jar:5.2.8.RELEASE]
	at org.springframework.security.web.FilterChainProxy$VirtualFilterChain.doFilter(FilterChainProxy.java:334) ~[spring-security-web-5.3.4.RELEASE.jar:5.3.4.RELEASE]
	at org.springframework.security.web.FilterChainProxy.doFilterInternal(FilterChainProxy.java:215) ~[spring-security-web-5.3.4.RELEASE.jar:5.3.4.RELEASE]
	at org.springframework.security.web.FilterChainProxy.doFilter(FilterChainProxy.java:178) ~[spring-security-web-5.3.4.RELEASE.jar:5.3.4.RELEASE]
	at org.springframework.web.filter.DelegatingFilterProxy.invokeDelegate(DelegatingFilterProxy.java:358) ~[spring-web-5.2.8.RELEASE.jar:5.2.8.RELEASE]
	at org.springframework.web.filter.DelegatingFilterProxy.doFilter(DelegatingFilterProxy.java:271) ~[spring-web-5.2.8.RELEASE.jar:5.2.8.RELEASE]
	at org.apache.catalina.core.ApplicationFilterChain.internalDoFilter(ApplicationFilterChain.java:193) ~[tomcat-embed-core-9.0.37.jar:9.0.37]
	at org.apache.catalina.core.ApplicationFilterChain.doFilter(ApplicationFilterChain.java:166) ~[tomcat-embed-core-9.0.37.jar:9.0.37]
	at org.springframework.web.filter.RequestContextFilter.doFilterInternal(RequestContextFilter.java:100) ~[spring-web-5.2.8.RELEASE.jar:5.2.8.RELEASE]
	at org.springframework.web.filter.OncePerRequestFilter.doFilter(OncePerRequestFilter.java:119) ~[spring-web-5.2.8.RELEASE.jar:5.2.8.RELEASE]
	at org.apache.catalina.core.ApplicationFilterChain.internalDoFilter(ApplicationFilterChain.java:193) ~[tomcat-embed-core-9.0.37.jar:9.0.37]
	at org.apache.catalina.core.ApplicationFilterChain.doFilter(ApplicationFilterChain.java:166) ~[tomcat-embed-core-9.0.37.jar:9.0.37]
	at org.springframework.web.filter.FormContentFilter.doFilterInternal(FormContentFilter.java:93) ~[spring-web-5.2.8.RELEASE.jar:5.2.8.RELEASE]
	at org.springframework.web.filter.OncePerRequestFilter.doFilter(OncePerRequestFilter.java:119) ~[spring-web-5.2.8.RELEASE.jar:5.2.8.RELEASE]
	at org.apache.catalina.core.ApplicationFilterChain.internalDoFilter(ApplicationFilterChain.java:193) ~[tomcat-embed-core-9.0.37.jar:9.0.37]
	at org.apache.catalina.core.ApplicationFilterChain.doFilter(ApplicationFilterChain.java:166) ~[tomcat-embed-core-9.0.37.jar:9.0.37]
	at org.springframework.web.filter.CharacterEncodingFilter.doFilterInternal(CharacterEncodingFilter.java:201) ~[spring-web-5.2.8.RELEASE.jar:5.2.8.RELEASE]
	at org.springframework.web.filter.OncePerRequestFilter.doFilter(OncePerRequestFilter.java:119) ~[spring-web-5.2.8.RELEASE.jar:5.2.8.RELEASE]
	at org.apache.catalina.core.ApplicationFilterChain.internalDoFilter(ApplicationFilterChain.java:193) ~[tomcat-embed-core-9.0.37.jar:9.0.37]
	at org.apache.catalina.core.ApplicationFilterChain.doFilter(ApplicationFilterChain.java:166) ~[tomcat-embed-core-9.0.37.jar:9.0.37]
	at org.apache.catalina.core.StandardWrapperValve.invoke(StandardWrapperValve.java:202) ~[tomcat-embed-core-9.0.37.jar:9.0.37]
	at org.apache.catalina.core.StandardContextValve.invoke(StandardContextValve.java:96) [tomcat-embed-core-9.0.37.jar:9.0.37]
	at org.apache.catalina.authenticator.AuthenticatorBase.invoke(AuthenticatorBase.java:541) [tomcat-embed-core-9.0.37.jar:9.0.37]
	at org.apache.catalina.core.StandardHostValve.invoke(StandardHostValve.java:139) [tomcat-embed-core-9.0.37.jar:9.0.37]
	at org.apache.catalina.valves.ErrorReportValve.invoke(ErrorReportValve.java:92) [tomcat-embed-core-9.0.37.jar:9.0.37]
	at org.apache.catalina.core.StandardEngineValve.invoke(StandardEngineValve.java:74) [tomcat-embed-core-9.0.37.jar:9.0.37]
	at org.apache.catalina.connector.CoyoteAdapter.service(CoyoteAdapter.java:343) [tomcat-embed-core-9.0.37.jar:9.0.37]
	at org.apache.coyote.http11.Http11Processor.service(Http11Processor.java:373) [tomcat-embed-core-9.0.37.jar:9.0.37]
	at org.apache.coyote.AbstractProcessorLight.process(AbstractProcessorLight.java:65) [tomcat-embed-core-9.0.37.jar:9.0.37]
	at org.apache.coyote.AbstractProtocol$ConnectionHandler.process(AbstractProtocol.java:868) [tomcat-embed-core-9.0.37.jar:9.0.37]
	at org.apache.tomcat.util.net.NioEndpoint$SocketProcessor.doRun(NioEndpoint.java:1589) [tomcat-embed-core-9.0.37.jar:9.0.37]
	at org.apache.tomcat.util.net.SocketProcessorBase.run(SocketProcessorBase.java:49) [tomcat-embed-core-9.0.37.jar:9.0.37]
	at java.util.concurrent.ThreadPoolExecutor.runWorker(ThreadPoolExecutor.java:1149) [na:1.8.0_231]
	at java.util.concurrent.ThreadPoolExecutor$Worker.run(ThreadPoolExecutor.java:624) [na:1.8.0_231]
	at org.apache.tomcat.util.threads.TaskThread$WrappingRunnable.run(TaskThread.java:61) [tomcat-embed-core-9.0.37.jar:9.0.37]
	at java.lang.Thread.run(Thread.java:748) [na:1.8.0_231]

2020-09-10 21:04:16.324 ERROR 25800 --- [http-nio-8843-exec-1] s.e.ErrorMvcAutoConfiguration$StaticView : Cannot render error page for request [/interconnect/crmService] and exception [] as the response has already been committed. As a result, the response may have the wrong status code.
